<?xml version="1.0" encoding="UTF-8"?>
<testsuites tests="43" failures="0" disabled="0" errors="0" timestamp="2018-11-15T17:31:58" time="7.707" name="AllTests">
  <testsuite name="KineticsFromScratch" tests="17" failures="0" disabled="0" errors="0" time="1.143">
    <testcase name="add_elementary_reaction" status="run" time="1.114" classname="KineticsFromScratch" />
    <testcase name="add_three_body_reaction" status="run" time="0.002" classname="KineticsFromScratch" />
    <testcase name="undefined_third_body" status="run" time="0.001" classname="KineticsFromScratch" />
    <testcase name="skip_undefined_third_body" status="run" time="0.001" classname="KineticsFromScratch" />
    <testcase name="add_falloff_reaction" status="run" time="0.002" classname="KineticsFromScratch" />
    <testcase name="add_plog_reaction" status="run" time="0.002" classname="KineticsFromScratch" />
    <testcase name="plog_invalid_rate" status="run" time="0.002" classname="KineticsFromScratch" />
    <testcase name="add_chebyshev_reaction" status="run" time="0.001" classname="KineticsFromScratch" />
    <testcase name="undeclared_species" status="run" time="0.002" classname="KineticsFromScratch" />
    <testcase name="skip_undeclared_species" status="run" time="0.002" classname="KineticsFromScratch" />
    <testcase name="negative_A_error" status="run" time="0.001" classname="KineticsFromScratch" />
    <testcase name="allow_negative_A" status="run" time="0.002" classname="KineticsFromScratch" />
    <testcase name="invalid_reversible_with_orders" status="run" time="0.002" classname="KineticsFromScratch" />
    <testcase name="negative_order_override" status="run" time="0.002" classname="KineticsFromScratch" />
    <testcase name="invalid_negative_orders" status="run" time="0.001" classname="KineticsFromScratch" />
    <testcase name="nonreactant_order_override" status="run" time="0.002" classname="KineticsFromScratch" />
    <testcase name="invalid_nonreactant_order" status="run" time="0.002" classname="KineticsFromScratch" />
  </testsuite>
  <testsuite name="InterfaceKineticsFromScratch" tests="3" failures="0" disabled="0" errors="0" time="0.035">
    <testcase name="add_surface_reaction" status="run" time="0.03" classname="InterfaceKineticsFromScratch" />
    <testcase name="add_sticking_reaction" status="run" time="0.002" classname="InterfaceKineticsFromScratch" />
    <testcase name="unbalanced_sites" status="run" time="0.002" classname="InterfaceKineticsFromScratch" />
  </testsuite>
  <testsuite name="KineticsAddSpecies" tests="2" failures="0" disabled="0" errors="0" time="1.098">
    <testcase name="add_species_sequential" status="run" time="1.096" classname="KineticsAddSpecies" />
    <testcase name="add_species_err_first" status="run" time="0.002" classname="KineticsAddSpecies" />
  </testsuite>
  <testsuite name="PdepTest" tests="12" failures="0" disabled="0" errors="0" time="0.001">
    <testcase name="reactionCounts" status="run" time="0" classname="PdepTest" />
    <testcase name="PlogLowPressure" status="run" time="0" classname="PdepTest" />
    <testcase name="PlogHighPressure" status="run" time="0" classname="PdepTest" />
    <testcase name="PlogDuplicatePressures" status="run" time="0" classname="PdepTest" />
    <testcase name="PlogCornerCases" status="run" time="0" classname="PdepTest" />
    <testcase name="PlogIntermediatePressure1" status="run" time="0" classname="PdepTest" />
    <testcase name="PlogIntermediatePressure2" status="run" time="0" classname="PdepTest" />
    <testcase name="PlogIntermediatePressure3" status="run" time="0" classname="PdepTest" />
    <testcase name="ChebyshevIntermediate1" status="run" time="0" classname="PdepTest" />
    <testcase name="ChebyshevIntermediate2" status="run" time="0" classname="PdepTest" />
    <testcase name="ChebyshevIntermediateROP" status="run" time="0" classname="PdepTest" />
    <testcase name="ChebyshevEdgeCases" status="run" time="0" classname="PdepTest" />
  </testsuite>
  <testsuite name="FracCoeff" tests="1" failures="0" disabled="0" errors="0" time="1.1">
    <testcase name="ConvertFracCoeff" status="run" time="1.1" classname="FracCoeff" />
  </testsuite>
  <testsuite name="FracCoeffTest" tests="5" failures="0" disabled="0" errors="0" time="0.003">
    <testcase name="StoichCoeffs" status="run" time="0.001" classname="FracCoeffTest" />
    <testcase name="RateConstants" status="run" time="0" classname="FracCoeffTest" />
    <testcase name="RatesOfProgress" status="run" time="0.001" classname="FracCoeffTest" />
    <testcase name="CreationDestructionRates" status="run" time="0.001" classname="FracCoeffTest" />
    <testcase name="EquilibriumConstants" status="run" time="0" classname="FracCoeffTest" />
  </testsuite>
  <testsuite name="NegativePreexponentialFactor" tests="2" failures="0" disabled="0" errors="0" time="3.167">
    <testcase name="fromCti" status="run" time="3.138" classname="NegativePreexponentialFactor" />
    <testcase name="fromXml" status="run" time="0.029" classname="NegativePreexponentialFactor" />
  </testsuite>
  <testsuite name="InterfaceReaction" tests="1" failures="0" disabled="0" errors="0" time="1.14">
    <testcase name="CoverageDependency" status="run" time="1.14" classname="InterfaceReaction" />
  </testsuite>
</testsuites>
